<?xml version="1.0" encoding="UTF-8"?>
<!-- Generated by org.testng.reporters.JUnitReportReporter -->
<testsuite hostname="DESKTOP-7LAF4KG" failures="0" tests="1" name="testCases.TC002_LoginTest" time="2.581" errors="0" timestamp="2024-08-26T12:35:09 IST" skipped="0">
  <testcase classname="testCases.TC002_LoginTest" name="verify_Login" time="2.581"/>
</testsuite> <!-- testCases.TC002_LoginTest -->
