<?xml version="1.0" encoding="UTF-8"?>
<!-- Generated by org.testng.reporters.JUnitReportReporter -->
<testsuite hostname="DESKTOP-7LAF4KG" failures="0" tests="1" name="testCases.TC002_LoginTest" time="1.950" errors="0" timestamp="2024-08-23T10:04:30 IST" skipped="0">
  <testcase classname="testCases.TC002_LoginTest" name="verify_Login" time="1.950"/>
</testsuite> <!-- testCases.TC002_LoginTest -->
